<?xml version="1.0" encoding="utf-8"?>
<CoverageSession xmlns:xsd="http://www.w3.org/2001/XMLSchema" xmlns:xsi="http://www.w3.org/2001/XMLSchema-instance" Version="0.0.0.0">
  <Summary numSequencePoints="198" visitedSequencePoints="83" numBranchPoints="0" visitedBranchPoints="0" sequenceCoverage="41.92" branchCoverage="0.0" maxCyclomaticComplexity="0" minCyclomaticComplexity="0" maxCrapScore="0" minCrapScore="0" visitedClasses="4" numClasses="10" visitedMethods="18" numMethods="56" />
  <Modules>
    <Module>
      <Summary numSequencePoints="87" visitedSequencePoints="0" numBranchPoints="0" visitedBranchPoints="0" sequenceCoverage="0.0" branchCoverage="0.0" maxCyclomaticComplexity="0" minCyclomaticComplexity="0" maxCrapScore="0" minCrapScore="0" visitedClasses="0" numClasses="2" visitedMethods="0" numMethods="25" />
      <ModuleTime>0001-01-01T00:00:00</ModuleTime>
      <ModuleName>Assembly-CSharp</ModuleName>
      <Files>
        <File uid="1" fullPath="/github/workspace/Assets/Input/Controls.cs" />
      </Files>
      <Classes>
        <Class>
          <Summary numSequencePoints="34" visitedSequencePoints="0" numBranchPoints="0" visitedBranchPoints="0" sequenceCoverage="0.0" branchCoverage="0.0" maxCyclomaticComplexity="0" minCyclomaticComplexity="0" maxCrapScore="0" minCrapScore="0" visitedClasses="0" numClasses="1" visitedMethods="0" numMethods="14" />
          <FullName>Controls</FullName>
          <Methods>
            <Method visited="false" cyclomaticComplexity="0" nPathComplexity="0" sequenceCoverage="0.0" branchCoverage="0" crapScore="0" isConstructor="false" isStatic="false" isGetter="true" isSetter="false">
              <Summary numSequencePoints="1" visitedSequencePoints="0" numBranchPoints="0" visitedBranchPoints="0" sequenceCoverage="0.0" branchCoverage="0" maxCyclomaticComplexity="0" minCyclomaticComplexity="0" maxCrapScore="0" minCrapScore="0" visitedClasses="0" numClasses="0" visitedMethods="0" numMethods="1" />
              <MetadataToken>100663297</MetadataToken>
              <Name>UnityEngine.InputSystem.InputActionAsset Controls::get_asset()</Name>
              <FileRef uid="1" />
              <SequencePoints>
                <SequencePoint vc="0" uspid="1" ordinal="0" offset="0" sl="11" sc="0" el="11" ec="0" bec="0" bev="0" fileid="1" />
              </SequencePoints>
              <BranchPoints />
            </Method>
            <Method visited="false" cyclomaticComplexity="0" nPathComplexity="0" sequenceCoverage="0.0" branchCoverage="0" crapScore="0" isConstructor="false" isStatic="false" isGetter="false" isSetter="false">
              <Summary numSequencePoints="3" visitedSequencePoints="0" numBranchPoints="0" visitedBranchPoints="0" sequenceCoverage="0.0" branchCoverage="0" maxCyclomaticComplexity="0" minCyclomaticComplexity="0" maxCrapScore="0" minCrapScore="0" visitedClasses="0" numClasses="0" visitedMethods="0" numMethods="1" />
              <MetadataToken>100663299</MetadataToken>
              <Name>System.Void Controls::Dispose()</Name>
              <FileRef uid="1" />
              <SequencePoints>
                <SequencePoint vc="0" uspid="2" ordinal="0" offset="0" sl="135" sc="0" el="135" ec="0" bec="0" bev="0" fileid="1" />
                <SequencePoint vc="0" uspid="3" ordinal="0" offset="1" sl="136" sc="0" el="136" ec="0" bec="0" bev="0" fileid="1" />
                <SequencePoint vc="0" uspid="4" ordinal="0" offset="13" sl="137" sc="0" el="137" ec="0" bec="0" bev="0" fileid="1" />
              </SequencePoints>
              <BranchPoints />
            </Method>
            <Method visited="false" cyclomaticComplexity="0" nPathComplexity="0" sequenceCoverage="0.0" branchCoverage="0" crapScore="0" isConstructor="false" isStatic="false" isGetter="true" isSetter="false">
              <Summary numSequencePoints="1" visitedSequencePoints="0" numBranchPoints="0" visitedBranchPoints="0" sequenceCoverage="0.0" branchCoverage="0" maxCyclomaticComplexity="0" minCyclomaticComplexity="0" maxCrapScore="0" minCrapScore="0" visitedClasses="0" numClasses="0" visitedMethods="0" numMethods="1" />
              <MetadataToken>100663300</MetadataToken>
              <Name>System.Nullable[InputBinding] Controls::get_bindingMask()</Name>
              <FileRef uid="1" />
              <SequencePoints>
                <SequencePoint vc="0" uspid="5" ordinal="0" offset="0" sl="141" sc="0" el="141" ec="0" bec="0" bev="0" fileid="1" />
              </SequencePoints>
              <BranchPoints />
            </Method>
            <Method visited="false" cyclomaticComplexity="0" nPathComplexity="0" sequenceCoverage="0.0" branchCoverage="0" crapScore="0" isConstructor="false" isStatic="false" isGetter="false" isSetter="true">
              <Summary numSequencePoints="1" visitedSequencePoints="0" numBranchPoints="0" visitedBranchPoints="0" sequenceCoverage="0.0" branchCoverage="0" maxCyclomaticComplexity="0" minCyclomaticComplexity="0" maxCrapScore="0" minCrapScore="0" visitedClasses="0" numClasses="0" visitedMethods="0" numMethods="1" />
              <MetadataToken>100663301</MetadataToken>
              <Name>System.Void Controls::set_bindingMask(System.Nullable[InputBinding])</Name>
              <FileRef uid="1" />
              <SequencePoints>
                <SequencePoint vc="0" uspid="6" ordinal="0" offset="0" sl="142" sc="0" el="142" ec="0" bec="0" bev="0" fileid="1" />
              </SequencePoints>
              <BranchPoints />
            </Method>
            <Method visited="false" cyclomaticComplexity="0" nPathComplexity="0" sequenceCoverage="0.0" branchCoverage="0" crapScore="0" isConstructor="false" isStatic="false" isGetter="true" isSetter="false">
              <Summary numSequencePoints="1" visitedSequencePoints="0" numBranchPoints="0" visitedBranchPoints="0" sequenceCoverage="0.0" branchCoverage="0" maxCyclomaticComplexity="0" minCyclomaticComplexity="0" maxCrapScore="0" minCrapScore="0" visitedClasses="0" numClasses="0" visitedMethods="0" numMethods="1" />
              <MetadataToken>100663302</MetadataToken>
              <Name>System.Nullable[ReadOnlyArray`1] Controls::get_devices()</Name>
              <FileRef uid="1" />
              <SequencePoints>
                <SequencePoint vc="0" uspid="7" ordinal="0" offset="0" sl="147" sc="0" el="147" ec="0" bec="0" bev="0" fileid="1" />
              </SequencePoints>
              <BranchPoints />
            </Method>
            <Method visited="false" cyclomaticComplexity="0" nPathComplexity="0" sequenceCoverage="0.0" branchCoverage="0" crapScore="0" isConstructor="false" isStatic="false" isGetter="false" isSetter="true">
              <Summary numSequencePoints="1" visitedSequencePoints="0" numBranchPoints="0" visitedBranchPoints="0" sequenceCoverage="0.0" branchCoverage="0" maxCyclomaticComplexity="0" minCyclomaticComplexity="0" maxCrapScore="0" minCrapScore="0" visitedClasses="0" numClasses="0" visitedMethods="0" numMethods="1" />
              <MetadataToken>100663303</MetadataToken>
              <Name>System.Void Controls::set_devices(System.Nullable[ReadOnlyArray`1])</Name>
              <FileRef uid="1" />
              <SequencePoints>
                <SequencePoint vc="0" uspid="8" ordinal="0" offset="0" sl="148" sc="0" el="148" ec="0" bec="0" bev="0" fileid="1" />
              </SequencePoints>
              <BranchPoints />
            </Method>
            <Method visited="false" cyclomaticComplexity="0" nPathComplexity="0" sequenceCoverage="0.0" branchCoverage="0" crapScore="0" isConstructor="false" isStatic="false" isGetter="true" isSetter="false">
              <Summary numSequencePoints="1" visitedSequencePoints="0" numBranchPoints="0" visitedBranchPoints="0" sequenceCoverage="0.0" branchCoverage="0" maxCyclomaticComplexity="0" minCyclomaticComplexity="0" maxCrapScore="0" minCrapScore="0" visitedClasses="0" numClasses="0" visitedMethods="0" numMethods="1" />
              <MetadataToken>100663304</MetadataToken>
              <Name>UnityEngine.InputSystem.Utilities.ReadOnlyArray[InputControlScheme] Controls::get_controlSchemes()</Name>
              <FileRef uid="1" />
              <SequencePoints>
                <SequencePoint vc="0" uspid="9" ordinal="0" offset="0" sl="151" sc="0" el="151" ec="0" bec="0" bev="0" fileid="1" />
              </SequencePoints>
              <BranchPoints />
            </Method>
            <Method visited="false" cyclomaticComplexity="0" nPathComplexity="0" sequenceCoverage="0.0" branchCoverage="0" crapScore="0" isConstructor="false" isStatic="false" isGetter="false" isSetter="false">
              <Summary numSequencePoints="3" visitedSequencePoints="0" numBranchPoints="0" visitedBranchPoints="0" sequenceCoverage="0.0" branchCoverage="0" maxCyclomaticComplexity="0" minCyclomaticComplexity="0" maxCrapScore="0" minCrapScore="0" visitedClasses="0" numClasses="0" visitedMethods="0" numMethods="1" />
              <MetadataToken>100663305</MetadataToken>
              <Name>System.Boolean Controls::Contains(UnityEngine.InputSystem.InputAction)</Name>
              <FileRef uid="1" />
              <SequencePoints>
                <SequencePoint vc="0" uspid="10" ordinal="0" offset="0" sl="154" sc="0" el="154" ec="0" bec="0" bev="0" fileid="1" />
                <SequencePoint vc="0" uspid="11" ordinal="0" offset="1" sl="155" sc="0" el="155" ec="0" bec="0" bev="0" fileid="1" />
                <SequencePoint vc="0" uspid="12" ordinal="0" offset="16" sl="156" sc="0" el="156" ec="0" bec="0" bev="0" fileid="1" />
              </SequencePoints>
              <BranchPoints />
            </Method>
            <Method visited="false" cyclomaticComplexity="0" nPathComplexity="0" sequenceCoverage="0.0" branchCoverage="0" crapScore="0" isConstructor="false" isStatic="false" isGetter="false" isSetter="false">
              <Summary numSequencePoints="3" visitedSequencePoints="0" numBranchPoints="0" visitedBranchPoints="0" sequenceCoverage="0.0" branchCoverage="0" maxCyclomaticComplexity="0" minCyclomaticComplexity="0" maxCrapScore="0" minCrapScore="0" visitedClasses="0" numClasses="0" visitedMethods="0" numMethods="1" />
              <MetadataToken>100663306</MetadataToken>
              <Name>System.Collections.Generic.IEnumerator[InputAction] Controls::GetEnumerator()</Name>
              <FileRef uid="1" />
              <SequencePoints>
                <SequencePoint vc="0" uspid="13" ordinal="0" offset="0" sl="159" sc="0" el="159" ec="0" bec="0" bev="0" fileid="1" />
                <SequencePoint vc="0" uspid="14" ordinal="0" offset="1" sl="160" sc="0" el="160" ec="0" bec="0" bev="0" fileid="1" />
                <SequencePoint vc="0" uspid="15" ordinal="0" offset="15" sl="161" sc="0" el="161" ec="0" bec="0" bev="0" fileid="1" />
              </SequencePoints>
              <BranchPoints />
            </Method>
            <Method visited="false" cyclomaticComplexity="0" nPathComplexity="0" sequenceCoverage="0.0" branchCoverage="0" crapScore="0" isConstructor="false" isStatic="false" isGetter="false" isSetter="false">
              <Summary numSequencePoints="3" visitedSequencePoints="0" numBranchPoints="0" visitedBranchPoints="0" sequenceCoverage="0.0" branchCoverage="0" maxCyclomaticComplexity="0" minCyclomaticComplexity="0" maxCrapScore="0" minCrapScore="0" visitedClasses="0" numClasses="0" visitedMethods="0" numMethods="1" />
              <MetadataToken>100663307</MetadataToken>
              <Name>System.Collections.IEnumerator Controls.System.Collections.IEnumerable::GetEnumerator()</Name>
              <FileRef uid="1" />
              <SequencePoints>
                <SequencePoint vc="0" uspid="16" ordinal="0" offset="0" sl="164" sc="0" el="164" ec="0" bec="0" bev="0" fileid="1" />
                <SequencePoint vc="0" uspid="17" ordinal="0" offset="1" sl="165" sc="0" el="165" ec="0" bec="0" bev="0" fileid="1" />
                <SequencePoint vc="0" uspid="18" ordinal="0" offset="10" sl="166" sc="0" el="166" ec="0" bec="0" bev="0" fileid="1" />
              </SequencePoints>
              <BranchPoints />
            </Method>
            <Method visited="false" cyclomaticComplexity="0" nPathComplexity="0" sequenceCoverage="0.0" branchCoverage="0" crapScore="0" isConstructor="false" isStatic="false" isGetter="false" isSetter="false">
              <Summary numSequencePoints="3" visitedSequencePoints="0" numBranchPoints="0" visitedBranchPoints="0" sequenceCoverage="0.0" branchCoverage="0" maxCyclomaticComplexity="0" minCyclomaticComplexity="0" maxCrapScore="0" minCrapScore="0" visitedClasses="0" numClasses="0" visitedMethods="0" numMethods="1" />
              <MetadataToken>100663308</MetadataToken>
              <Name>System.Void Controls::Enable()</Name>
              <FileRef uid="1" />
              <SequencePoints>
                <SequencePoint vc="0" uspid="19" ordinal="0" offset="0" sl="169" sc="0" el="169" ec="0" bec="0" bev="0" fileid="1" />
                <SequencePoint vc="0" uspid="20" ordinal="0" offset="1" sl="170" sc="0" el="170" ec="0" bec="0" bev="0" fileid="1" />
                <SequencePoint vc="0" uspid="21" ordinal="0" offset="13" sl="171" sc="0" el="171" ec="0" bec="0" bev="0" fileid="1" />
              </SequencePoints>
              <BranchPoints />
            </Method>
            <Method visited="false" cyclomaticComplexity="0" nPathComplexity="0" sequenceCoverage="0.0" branchCoverage="0" crapScore="0" isConstructor="false" isStatic="false" isGetter="false" isSetter="false">
              <Summary numSequencePoints="3" visitedSequencePoints="0" numBranchPoints="0" visitedBranchPoints="0" sequenceCoverage="0.0" branchCoverage="0" maxCyclomaticComplexity="0" minCyclomaticComplexity="0" maxCrapScore="0" minCrapScore="0" visitedClasses="0" numClasses="0" visitedMethods="0" numMethods="1" />
              <MetadataToken>100663309</MetadataToken>
              <Name>System.Void Controls::Disable()</Name>
              <FileRef uid="1" />
              <SequencePoints>
                <SequencePoint vc="0" uspid="22" ordinal="0" offset="0" sl="174" sc="0" el="174" ec="0" bec="0" bev="0" fileid="1" />
                <SequencePoint vc="0" uspid="23" ordinal="0" offset="1" sl="175" sc="0" el="175" ec="0" bec="0" bev="0" fileid="1" />
                <SequencePoint vc="0" uspid="24" ordinal="0" offset="13" sl="176" sc="0" el="176" ec="0" bec="0" bev="0" fileid="1" />
              </SequencePoints>
              <BranchPoints />
            </Method>
            <Method visited="false" cyclomaticComplexity="0" nPathComplexity="0" sequenceCoverage="0.0" branchCoverage="0" crapScore="0" isConstructor="false" isStatic="false" isGetter="true" isSetter="false">
              <Summary numSequencePoints="1" visitedSequencePoints="0" numBranchPoints="0" visitedBranchPoints="0" sequenceCoverage="0.0" branchCoverage="0" maxCyclomaticComplexity="0" minCyclomaticComplexity="0" maxCrapScore="0" minCrapScore="0" visitedClasses="0" numClasses="0" visitedMethods="0" numMethods="1" />
              <MetadataToken>100663310</MetadataToken>
              <Name>Controls/GameplayActions Controls::get_gameplay()</Name>
              <FileRef uid="1" />
              <SequencePoints>
                <SequencePoint vc="0" uspid="25" ordinal="0" offset="0" sl="233" sc="0" el="233" ec="0" bec="0" bev="0" fileid="1" />
              </SequencePoints>
              <BranchPoints />
            </Method>
            <Method visited="false" cyclomaticComplexity="0" nPathComplexity="0" sequenceCoverage="0.0" branchCoverage="0" crapScore="0" isConstructor="true" isStatic="false" isGetter="false" isSetter="false">
              <Summary numSequencePoints="9" visitedSequencePoints="0" numBranchPoints="0" visitedBranchPoints="0" sequenceCoverage="0.0" branchCoverage="0" maxCyclomaticComplexity="0" minCyclomaticComplexity="0" maxCrapScore="0" minCrapScore="0" visitedClasses="0" numClasses="0" visitedMethods="0" numMethods="1" />
              <MetadataToken>100663298</MetadataToken>
              <Name>Controls::Controls()</Name>
              <FileRef uid="1" />
              <SequencePoints>
                <SequencePoint vc="0" uspid="26" ordinal="0" offset="0" sl="12" sc="0" el="12" ec="0" bec="0" bev="0" fileid="1" />
                <SequencePoint vc="0" uspid="27" ordinal="0" offset="7" sl="13" sc="0" el="13" ec="0" bec="0" bev="0" fileid="1" />
                <SequencePoint vc="0" uspid="28" ordinal="0" offset="8" sl="14" sc="0" el="14" ec="0" bec="0" bev="0" fileid="1" />
                <SequencePoint vc="0" uspid="29" ordinal="0" offset="24" sl="127" sc="0" el="127" ec="0" bec="0" bev="0" fileid="1" />
                <SequencePoint vc="0" uspid="30" ordinal="0" offset="47" sl="128" sc="0" el="128" ec="0" bec="0" bev="0" fileid="1" />
                <SequencePoint vc="0" uspid="31" ordinal="0" offset="70" sl="129" sc="0" el="129" ec="0" bec="0" bev="0" fileid="1" />
                <SequencePoint vc="0" uspid="32" ordinal="0" offset="93" sl="130" sc="0" el="130" ec="0" bec="0" bev="0" fileid="1" />
                <SequencePoint vc="0" uspid="33" ordinal="0" offset="116" sl="131" sc="0" el="131" ec="0" bec="0" bev="0" fileid="1" />
                <SequencePoint vc="0" uspid="34" ordinal="0" offset="139" sl="132" sc="0" el="132" ec="0" bec="0" bev="0" fileid="1" />
              </SequencePoints>
              <BranchPoints />
            </Method>
          </Methods>
        </Class>
        <Class>
          <Summary numSequencePoints="53" visitedSequencePoints="0" numBranchPoints="0" visitedBranchPoints="0" sequenceCoverage="0.0" branchCoverage="0.0" maxCyclomaticComplexity="0" minCyclomaticComplexity="0" maxCrapScore="0" minCrapScore="0" visitedClasses="0" numClasses="1" visitedMethods="0" numMethods="11" />
          <FullName>Controls/GameplayActions</FullName>
          <Methods>
            <Method visited="false" cyclomaticComplexity="0" nPathComplexity="0" sequenceCoverage="0.0" branchCoverage="0" crapScore="0" isConstructor="false" isStatic="false" isGetter="true" isSetter="false">
              <Summary numSequencePoints="1" visitedSequencePoints="0" numBranchPoints="0" visitedBranchPoints="0" sequenceCoverage="0.0" branchCoverage="0" maxCyclomaticComplexity="0" minCyclomaticComplexity="0" maxCrapScore="0" minCrapScore="0" visitedClasses="0" numClasses="0" visitedMethods="0" numMethods="1" />
              <MetadataToken>100663312</MetadataToken>
              <Name>UnityEngine.InputSystem.InputAction Controls/GameplayActions::get_Move()</Name>
              <FileRef uid="1" />
              <SequencePoints>
                <SequencePoint vc="0" uspid="35" ordinal="0" offset="0" sl="189" sc="0" el="189" ec="0" bec="0" bev="0" fileid="1" />
              </SequencePoints>
              <BranchPoints />
            </Method>
            <Method visited="false" cyclomaticComplexity="0" nPathComplexity="0" sequenceCoverage="0.0" branchCoverage="0" crapScore="0" isConstructor="false" isStatic="false" isGetter="true" isSetter="false">
              <Summary numSequencePoints="1" visitedSequencePoints="0" numBranchPoints="0" visitedBranchPoints="0" sequenceCoverage="0.0" branchCoverage="0" maxCyclomaticComplexity="0" minCyclomaticComplexity="0" maxCrapScore="0" minCrapScore="0" visitedClasses="0" numClasses="0" visitedMethods="0" numMethods="1" />
              <MetadataToken>100663313</MetadataToken>
              <Name>UnityEngine.InputSystem.InputAction Controls/GameplayActions::get_Jump()</Name>
              <FileRef uid="1" />
              <SequencePoints>
                <SequencePoint vc="0" uspid="36" ordinal="0" offset="0" sl="190" sc="0" el="190" ec="0" bec="0" bev="0" fileid="1" />
              </SequencePoints>
              <BranchPoints />
            </Method>
            <Method visited="false" cyclomaticComplexity="0" nPathComplexity="0" sequenceCoverage="0.0" branchCoverage="0" crapScore="0" isConstructor="false" isStatic="false" isGetter="true" isSetter="false">
              <Summary numSequencePoints="1" visitedSequencePoints="0" numBranchPoints="0" visitedBranchPoints="0" sequenceCoverage="0.0" branchCoverage="0" maxCyclomaticComplexity="0" minCyclomaticComplexity="0" maxCrapScore="0" minCrapScore="0" visitedClasses="0" numClasses="0" visitedMethods="0" numMethods="1" />
              <MetadataToken>100663314</MetadataToken>
              <Name>UnityEngine.InputSystem.InputAction Controls/GameplayActions::get_NormalAttack()</Name>
              <FileRef uid="1" />
              <SequencePoints>
                <SequencePoint vc="0" uspid="37" ordinal="0" offset="0" sl="191" sc="0" el="191" ec="0" bec="0" bev="0" fileid="1" />
              </SequencePoints>
              <BranchPoints />
            </Method>
            <Method visited="false" cyclomaticComplexity="0" nPathComplexity="0" sequenceCoverage="0.0" branchCoverage="0" crapScore="0" isConstructor="false" isStatic="false" isGetter="true" isSetter="false">
              <Summary numSequencePoints="1" visitedSequencePoints="0" numBranchPoints="0" visitedBranchPoints="0" sequenceCoverage="0.0" branchCoverage="0" maxCyclomaticComplexity="0" minCyclomaticComplexity="0" maxCrapScore="0" minCrapScore="0" visitedClasses="0" numClasses="0" visitedMethods="0" numMethods="1" />
              <MetadataToken>100663315</MetadataToken>
              <Name>UnityEngine.InputSystem.InputAction Controls/GameplayActions::get_Dash()</Name>
              <FileRef uid="1" />
              <SequencePoints>
                <SequencePoint vc="0" uspid="38" ordinal="0" offset="0" sl="192" sc="0" el="192" ec="0" bec="0" bev="0" fileid="1" />
              </SequencePoints>
              <BranchPoints />
            </Method>
            <Method visited="false" cyclomaticComplexity="0" nPathComplexity="0" sequenceCoverage="0.0" branchCoverage="0" crapScore="0" isConstructor="false" isStatic="false" isGetter="false" isSetter="false">
              <Summary numSequencePoints="3" visitedSequencePoints="0" numBranchPoints="0" visitedBranchPoints="0" sequenceCoverage="0.0" branchCoverage="0" maxCyclomaticComplexity="0" minCyclomaticComplexity="0" maxCrapScore="0" minCrapScore="0" visitedClasses="0" numClasses="0" visitedMethods="0" numMethods="1" />
              <MetadataToken>100663316</MetadataToken>
              <Name>UnityEngine.InputSystem.InputActionMap Controls/GameplayActions::Get()</Name>
              <FileRef uid="1" />
              <SequencePoints>
                <SequencePoint vc="0" uspid="39" ordinal="0" offset="0" sl="193" sc="0" el="193" ec="0" bec="0" bev="0" fileid="1" />
                <SequencePoint vc="0" uspid="40" ordinal="0" offset="1" sl="193" sc="0" el="193" ec="0" bec="0" bev="0" fileid="1" />
                <SequencePoint vc="0" uspid="41" ordinal="0" offset="15" sl="193" sc="0" el="193" ec="0" bec="0" bev="0" fileid="1" />
              </SequencePoints>
              <BranchPoints />
            </Method>
            <Method visited="false" cyclomaticComplexity="0" nPathComplexity="0" sequenceCoverage="0.0" branchCoverage="0" crapScore="0" isConstructor="false" isStatic="false" isGetter="false" isSetter="false">
              <Summary numSequencePoints="3" visitedSequencePoints="0" numBranchPoints="0" visitedBranchPoints="0" sequenceCoverage="0.0" branchCoverage="0" maxCyclomaticComplexity="0" minCyclomaticComplexity="0" maxCrapScore="0" minCrapScore="0" visitedClasses="0" numClasses="0" visitedMethods="0" numMethods="1" />
              <MetadataToken>100663317</MetadataToken>
              <Name>System.Void Controls/GameplayActions::Enable()</Name>
              <FileRef uid="1" />
              <SequencePoints>
                <SequencePoint vc="0" uspid="42" ordinal="0" offset="0" sl="194" sc="0" el="194" ec="0" bec="0" bev="0" fileid="1" />
                <SequencePoint vc="0" uspid="43" ordinal="0" offset="1" sl="194" sc="0" el="194" ec="0" bec="0" bev="0" fileid="1" />
                <SequencePoint vc="0" uspid="44" ordinal="0" offset="13" sl="194" sc="0" el="194" ec="0" bec="0" bev="0" fileid="1" />
              </SequencePoints>
              <BranchPoints />
            </Method>
            <Method visited="false" cyclomaticComplexity="0" nPathComplexity="0" sequenceCoverage="0.0" branchCoverage="0" crapScore="0" isConstructor="false" isStatic="false" isGetter="false" isSetter="false">
              <Summary numSequencePoints="3" visitedSequencePoints="0" numBranchPoints="0" visitedBranchPoints="0" sequenceCoverage="0.0" branchCoverage="0" maxCyclomaticComplexity="0" minCyclomaticComplexity="0" maxCrapScore="0" minCrapScore="0" visitedClasses="0" numClasses="0" visitedMethods="0" numMethods="1" />
              <MetadataToken>100663318</MetadataToken>
              <Name>System.Void Controls/GameplayActions::Disable()</Name>
              <FileRef uid="1" />
              <SequencePoints>
                <SequencePoint vc="0" uspid="45" ordinal="0" offset="0" sl="195" sc="0" el="195" ec="0" bec="0" bev="0" fileid="1" />
                <SequencePoint vc="0" uspid="46" ordinal="0" offset="1" sl="195" sc="0" el="195" ec="0" bec="0" bev="0" fileid="1" />
                <SequencePoint vc="0" uspid="47" ordinal="0" offset="13" sl="195" sc="0" el="195" ec="0" bec="0" bev="0" fileid="1" />
              </SequencePoints>
              <BranchPoints />
            </Method>
            <Method visited="false" cyclomaticComplexity="0" nPathComplexity="0" sequenceCoverage="0.0" branchCoverage="0" crapScore="0" isConstructor="false" isStatic="false" isGetter="true" isSetter="false">
              <Summary numSequencePoints="1" visitedSequencePoints="0" numBranchPoints="0" visitedBranchPoints="0" sequenceCoverage="0.0" branchCoverage="0" maxCyclomaticComplexity="0" minCyclomaticComplexity="0" maxCrapScore="0" minCrapScore="0" visitedClasses="0" numClasses="0" visitedMethods="0" numMethods="1" />
              <MetadataToken>100663319</MetadataToken>
              <Name>System.Boolean Controls/GameplayActions::get_enabled()</Name>
              <FileRef uid="1" />
              <SequencePoints>
                <SequencePoint vc="0" uspid="48" ordinal="0" offset="0" sl="196" sc="0" el="196" ec="0" bec="0" bev="0" fileid="1" />
              </SequencePoints>
              <BranchPoints />
            </Method>
            <Method visited="false" cyclomaticComplexity="0" nPathComplexity="0" sequenceCoverage="0.0" branchCoverage="0" crapScore="0" isConstructor="false" isStatic="true" isGetter="false" isSetter="false">
              <Summary numSequencePoints="3" visitedSequencePoints="0" numBranchPoints="0" visitedBranchPoints="0" sequenceCoverage="0.0" branchCoverage="0" maxCyclomaticComplexity="0" minCyclomaticComplexity="0" maxCrapScore="0" minCrapScore="0" visitedClasses="0" numClasses="0" visitedMethods="0" numMethods="1" />
              <MetadataToken>100663320</MetadataToken>
              <Name>static UnityEngine.InputSystem.InputActionMap Controls/GameplayActions::implicit operator UnityEngine.InputSystem.InputActionMap(Controls/GameplayActions)</Name>
              <FileRef uid="1" />
              <SequencePoints>
                <SequencePoint vc="0" uspid="49" ordinal="0" offset="0" sl="197" sc="0" el="197" ec="0" bec="0" bev="0" fileid="1" />
                <SequencePoint vc="0" uspid="50" ordinal="0" offset="1" sl="197" sc="0" el="197" ec="0" bec="0" bev="0" fileid="1" />
                <SequencePoint vc="0" uspid="51" ordinal="0" offset="11" sl="197" sc="0" el="197" ec="0" bec="0" bev="0" fileid="1" />
              </SequencePoints>
              <BranchPoints />
            </Method>
            <Method visited="false" cyclomaticComplexity="0" nPathComplexity="0" sequenceCoverage="0.0" branchCoverage="0" crapScore="0" isConstructor="false" isStatic="false" isGetter="false" isSetter="false">
              <Summary numSequencePoints="33" visitedSequencePoints="0" numBranchPoints="0" visitedBranchPoints="0" sequenceCoverage="0.0" branchCoverage="0" maxCyclomaticComplexity="0" minCyclomaticComplexity="0" maxCrapScore="0" minCrapScore="0" visitedClasses="0" numClasses="0" visitedMethods="0" numMethods="1" />
              <MetadataToken>100663321</MetadataToken>
              <Name>System.Void Controls/GameplayActions::SetCallbacks(Controls/IGameplayActions)</Name>
              <FileRef uid="1" />
              <SequencePoints>
                <SequencePoint vc="0" uspid="52" ordinal="0" offset="0" sl="199" sc="0" el="199" ec="0" bec="0" bev="0" fileid="1" />
                <SequencePoint vc="0" uspid="53" ordinal="0" offset="1" sl="200" sc="0" el="200" ec="0" bec="0" bev="0" fileid="1" />
                <SequencePoint vc="0" uspid="54" ordinal="0" offset="22" sl="201" sc="0" el="201" ec="0" bec="0" bev="0" fileid="1" />
                <SequencePoint vc="0" uspid="55" ordinal="0" offset="23" sl="202" sc="0" el="202" ec="0" bec="0" bev="0" fileid="1" />
                <SequencePoint vc="0" uspid="56" ordinal="0" offset="58" sl="203" sc="0" el="203" ec="0" bec="0" bev="0" fileid="1" />
                <SequencePoint vc="0" uspid="57" ordinal="0" offset="93" sl="204" sc="0" el="204" ec="0" bec="0" bev="0" fileid="1" />
                <SequencePoint vc="0" uspid="58" ordinal="0" offset="128" sl="205" sc="0" el="205" ec="0" bec="0" bev="0" fileid="1" />
                <SequencePoint vc="0" uspid="59" ordinal="0" offset="163" sl="206" sc="0" el="206" ec="0" bec="0" bev="0" fileid="1" />
                <SequencePoint vc="0" uspid="60" ordinal="0" offset="198" sl="207" sc="0" el="207" ec="0" bec="0" bev="0" fileid="1" />
                <SequencePoint vc="0" uspid="61" ordinal="0" offset="233" sl="208" sc="0" el="208" ec="0" bec="0" bev="0" fileid="1" />
                <SequencePoint vc="0" uspid="62" ordinal="0" offset="268" sl="209" sc="0" el="209" ec="0" bec="0" bev="0" fileid="1" />
                <SequencePoint vc="0" uspid="63" ordinal="0" offset="303" sl="210" sc="0" el="210" ec="0" bec="0" bev="0" fileid="1" />
                <SequencePoint vc="0" uspid="64" ordinal="0" offset="338" sl="211" sc="0" el="211" ec="0" bec="0" bev="0" fileid="1" />
                <SequencePoint vc="0" uspid="65" ordinal="0" offset="373" sl="212" sc="0" el="212" ec="0" bec="0" bev="0" fileid="1" />
                <SequencePoint vc="0" uspid="66" ordinal="0" offset="408" sl="213" sc="0" el="213" ec="0" bec="0" bev="0" fileid="1" />
                <SequencePoint vc="0" uspid="67" ordinal="0" offset="443" sl="214" sc="0" el="214" ec="0" bec="0" bev="0" fileid="1" />
                <SequencePoint vc="0" uspid="68" ordinal="0" offset="444" sl="215" sc="0" el="215" ec="0" bec="0" bev="0" fileid="1" />
                <SequencePoint vc="0" uspid="69" ordinal="0" offset="456" sl="216" sc="0" el="216" ec="0" bec="0" bev="0" fileid="1" />
                <SequencePoint vc="0" uspid="70" ordinal="0" offset="467" sl="217" sc="0" el="217" ec="0" bec="0" bev="0" fileid="1" />
                <SequencePoint vc="0" uspid="71" ordinal="0" offset="468" sl="218" sc="0" el="218" ec="0" bec="0" bev="0" fileid="1" />
                <SequencePoint vc="0" uspid="72" ordinal="0" offset="493" sl="219" sc="0" el="219" ec="0" bec="0" bev="0" fileid="1" />
                <SequencePoint vc="0" uspid="73" ordinal="0" offset="518" sl="220" sc="0" el="220" ec="0" bec="0" bev="0" fileid="1" />
                <SequencePoint vc="0" uspid="74" ordinal="0" offset="543" sl="221" sc="0" el="221" ec="0" bec="0" bev="0" fileid="1" />
                <SequencePoint vc="0" uspid="75" ordinal="0" offset="568" sl="222" sc="0" el="222" ec="0" bec="0" bev="0" fileid="1" />
                <SequencePoint vc="0" uspid="76" ordinal="0" offset="593" sl="223" sc="0" el="223" ec="0" bec="0" bev="0" fileid="1" />
                <SequencePoint vc="0" uspid="77" ordinal="0" offset="618" sl="224" sc="0" el="224" ec="0" bec="0" bev="0" fileid="1" />
                <SequencePoint vc="0" uspid="78" ordinal="0" offset="643" sl="225" sc="0" el="225" ec="0" bec="0" bev="0" fileid="1" />
                <SequencePoint vc="0" uspid="79" ordinal="0" offset="668" sl="226" sc="0" el="226" ec="0" bec="0" bev="0" fileid="1" />
                <SequencePoint vc="0" uspid="80" ordinal="0" offset="693" sl="227" sc="0" el="227" ec="0" bec="0" bev="0" fileid="1" />
                <SequencePoint vc="0" uspid="81" ordinal="0" offset="718" sl="228" sc="0" el="228" ec="0" bec="0" bev="0" fileid="1" />
                <SequencePoint vc="0" uspid="82" ordinal="0" offset="743" sl="229" sc="0" el="229" ec="0" bec="0" bev="0" fileid="1" />
                <SequencePoint vc="0" uspid="83" ordinal="0" offset="768" sl="230" sc="0" el="230" ec="0" bec="0" bev="0" fileid="1" />
                <SequencePoint vc="0" uspid="84" ordinal="0" offset="769" sl="231" sc="0" el="231" ec="0" bec="0" bev="0" fileid="1" />
              </SequencePoints>
              <BranchPoints />
            </Method>
            <Method visited="false" cyclomaticComplexity="0" nPathComplexity="0" sequenceCoverage="0.0" branchCoverage="0" crapScore="0" isConstructor="true" isStatic="false" isGetter="false" isSetter="false">
              <Summary numSequencePoints="3" visitedSequencePoints="0" numBranchPoints="0" visitedBranchPoints="0" sequenceCoverage="0.0" branchCoverage="0" maxCyclomaticComplexity="0" minCyclomaticComplexity="0" maxCrapScore="0" minCrapScore="0" visitedClasses="0" numClasses="0" visitedMethods="0" numMethods="1" />
              <MetadataToken>100663311</MetadataToken>
              <Name>Controls/GameplayActions::GameplayActions(Controls)</Name>
              <FileRef uid="1" />
              <SequencePoints>
                <SequencePoint vc="0" uspid="85" ordinal="0" offset="0" sl="188" sc="0" el="188" ec="0" bec="0" bev="0" fileid="1" />
                <SequencePoint vc="0" uspid="86" ordinal="0" offset="1" sl="188" sc="0" el="188" ec="0" bec="0" bev="0" fileid="1" />
                <SequencePoint vc="0" uspid="87" ordinal="0" offset="8" sl="188" sc="0" el="188" ec="0" bec="0" bev="0" fileid="1" />
              </SequencePoints>
              <BranchPoints />
            </Method>
          </Methods>
        </Class>
      </Classes>
    </Module>
    <Module>
      <Summary numSequencePoints="12" visitedSequencePoints="0" numBranchPoints="0" visitedBranchPoints="0" sequenceCoverage="0.0" branchCoverage="0.0" maxCyclomaticComplexity="0" minCyclomaticComplexity="0" maxCrapScore="0" minCrapScore="0" visitedClasses="0" numClasses="2" visitedMethods="0" numMethods="6" />
      <ModuleTime>0001-01-01T00:00:00</ModuleTime>
      <ModuleName>PlayerAssembly</ModuleName>
      <Files>
        <File uid="2" fullPath="/github/workspace/Assets/Scripts/Player/InputController.cs" />
        <File uid="3" fullPath="/github/workspace/Assets/Scripts/Player/PlayerStateMachine.cs" />
      </Files>
      <Classes>
        <Class>
          <Summary numSequencePoints="8" visitedSequencePoints="0" numBranchPoints="0" visitedBranchPoints="0" sequenceCoverage="0.0" branchCoverage="0.0" maxCyclomaticComplexity="0" minCyclomaticComplexity="0" maxCrapScore="0" minCrapScore="0" visitedClasses="0" numClasses="1" visitedMethods="0" numMethods="4" />
          <FullName>HMF.Thesis.Player.InputController</FullName>
          <Methods>
            <Method visited="false" cyclomaticComplexity="0" nPathComplexity="0" sequenceCoverage="0.0" branchCoverage="0" crapScore="0" isConstructor="false" isStatic="false" isGetter="false" isSetter="false">
              <Summary numSequencePoints="2" visitedSequencePoints="0" numBranchPoints="0" visitedBranchPoints="0" sequenceCoverage="0.0" branchCoverage="0" maxCyclomaticComplexity="0" minCyclomaticComplexity="0" maxCrapScore="0" minCrapScore="0" visitedClasses="0" numClasses="0" visitedMethods="0" numMethods="1" />
              <MetadataToken>100663297</MetadataToken>
              <Name>System.Void HMF.Thesis.Player.InputController::Jump(UnityEngine.InputSystem.InputAction/CallbackContext)</Name>
              <FileRef uid="2" />
              <SequencePoints>
                <SequencePoint vc="0" uspid="88" ordinal="0" offset="0" sl="21" sc="0" el="21" ec="0" bec="0" bev="0" fileid="2" />
                <SequencePoint vc="0" uspid="89" ordinal="0" offset="1" sl="23" sc="0" el="23" ec="0" bec="0" bev="0" fileid="2" />
              </SequencePoints>
              <BranchPoints />
            </Method>
            <Method visited="false" cyclomaticComplexity="0" nPathComplexity="0" sequenceCoverage="0.0" branchCoverage="0" crapScore="0" isConstructor="false" isStatic="false" isGetter="false" isSetter="false">
              <Summary numSequencePoints="2" visitedSequencePoints="0" numBranchPoints="0" visitedBranchPoints="0" sequenceCoverage="0.0" branchCoverage="0" maxCyclomaticComplexity="0" minCyclomaticComplexity="0" maxCrapScore="0" minCrapScore="0" visitedClasses="0" numClasses="0" visitedMethods="0" numMethods="1" />
              <MetadataToken>100663298</MetadataToken>
              <Name>System.Void HMF.Thesis.Player.InputController::Move(UnityEngine.InputSystem.InputAction/CallbackContext)</Name>
              <FileRef uid="2" />
              <SequencePoints>
                <SequencePoint vc="0" uspid="90" ordinal="0" offset="0" sl="30" sc="0" el="30" ec="0" bec="0" bev="0" fileid="2" />
                <SequencePoint vc="0" uspid="91" ordinal="0" offset="1" sl="32" sc="0" el="32" ec="0" bec="0" bev="0" fileid="2" />
              </SequencePoints>
              <BranchPoints />
            </Method>
            <Method visited="false" cyclomaticComplexity="0" nPathComplexity="0" sequenceCoverage="0.0" branchCoverage="0" crapScore="0" isConstructor="false" isStatic="false" isGetter="false" isSetter="false">
              <Summary numSequencePoints="2" visitedSequencePoints="0" numBranchPoints="0" visitedBranchPoints="0" sequenceCoverage="0.0" branchCoverage="0" maxCyclomaticComplexity="0" minCyclomaticComplexity="0" maxCrapScore="0" minCrapScore="0" visitedClasses="0" numClasses="0" visitedMethods="0" numMethods="1" />
              <MetadataToken>100663299</MetadataToken>
              <Name>System.Void HMF.Thesis.Player.InputController::NormalMeleeAttack(UnityEngine.InputSystem.InputAction/CallbackContext)</Name>
              <FileRef uid="2" />
              <SequencePoints>
                <SequencePoint vc="0" uspid="92" ordinal="0" offset="0" sl="39" sc="0" el="39" ec="0" bec="0" bev="0" fileid="2" />
                <SequencePoint vc="0" uspid="93" ordinal="0" offset="1" sl="41" sc="0" el="41" ec="0" bec="0" bev="0" fileid="2" />
              </SequencePoints>
              <BranchPoints />
            </Method>
            <Method visited="false" cyclomaticComplexity="0" nPathComplexity="0" sequenceCoverage="0.0" branchCoverage="0" crapScore="0" isConstructor="false" isStatic="false" isGetter="false" isSetter="false">
              <Summary numSequencePoints="2" visitedSequencePoints="0" numBranchPoints="0" visitedBranchPoints="0" sequenceCoverage="0.0" branchCoverage="0" maxCyclomaticComplexity="0" minCyclomaticComplexity="0" maxCrapScore="0" minCrapScore="0" visitedClasses="0" numClasses="0" visitedMethods="0" numMethods="1" />
              <MetadataToken>100663300</MetadataToken>
              <Name>System.Void HMF.Thesis.Player.InputController::Dash(UnityEngine.InputSystem.InputAction/CallbackContext)</Name>
              <FileRef uid="2" />
              <SequencePoints>
                <SequencePoint vc="0" uspid="94" ordinal="0" offset="0" sl="48" sc="0" el="48" ec="0" bec="0" bev="0" fileid="2" />
                <SequencePoint vc="0" uspid="95" ordinal="0" offset="1" sl="50" sc="0" el="50" ec="0" bec="0" bev="0" fileid="2" />
              </SequencePoints>
              <BranchPoints />
            </Method>
          </Methods>
        </Class>
        <Class>
          <Summary numSequencePoints="4" visitedSequencePoints="0" numBranchPoints="0" visitedBranchPoints="0" sequenceCoverage="0.0" branchCoverage="0.0" maxCyclomaticComplexity="0" minCyclomaticComplexity="0" maxCrapScore="0" minCrapScore="0" visitedClasses="0" numClasses="1" visitedMethods="0" numMethods="2" />
          <FullName>HMF.Thesis.Player.PlayerStateMachine</FullName>
          <Methods>
            <Method visited="false" cyclomaticComplexity="0" nPathComplexity="0" sequenceCoverage="0.0" branchCoverage="0" crapScore="0" isConstructor="false" isStatic="false" isGetter="false" isSetter="false">
              <Summary numSequencePoints="3" visitedSequencePoints="0" numBranchPoints="0" visitedBranchPoints="0" sequenceCoverage="0.0" branchCoverage="0" maxCyclomaticComplexity="0" minCyclomaticComplexity="0" maxCrapScore="0" minCrapScore="0" visitedClasses="0" numClasses="0" visitedMethods="0" numMethods="1" />
              <MetadataToken>100663302</MetadataToken>
              <Name>System.Void HMF.Thesis.Player.PlayerStateMachine::Awake()</Name>
              <FileRef uid="3" />
              <SequencePoints>
                <SequencePoint vc="0" uspid="96" ordinal="0" offset="0" sl="19" sc="0" el="19" ec="0" bec="0" bev="0" fileid="3" />
                <SequencePoint vc="0" uspid="97" ordinal="0" offset="1" sl="21" sc="0" el="21" ec="0" bec="0" bev="0" fileid="3" />
                <SequencePoint vc="0" uspid="98" ordinal="0" offset="12" sl="22" sc="0" el="22" ec="0" bec="0" bev="0" fileid="3" />
              </SequencePoints>
              <BranchPoints />
            </Method>
            <Method visited="false" cyclomaticComplexity="0" nPathComplexity="0" sequenceCoverage="0.0" branchCoverage="0" crapScore="0" isConstructor="true" isStatic="false" isGetter="false" isSetter="false">
              <Summary numSequencePoints="1" visitedSequencePoints="0" numBranchPoints="0" visitedBranchPoints="0" sequenceCoverage="0.0" branchCoverage="0" maxCyclomaticComplexity="0" minCyclomaticComplexity="0" maxCrapScore="0" minCrapScore="0" visitedClasses="0" numClasses="0" visitedMethods="0" numMethods="1" />
              <MetadataToken>100663303</MetadataToken>
              <Name>HMF.Thesis.Player.PlayerStateMachine::PlayerStateMachine()</Name>
              <FileRef uid="3" />
              <SequencePoints>
                <SequencePoint vc="0" uspid="99" ordinal="0" offset="0" sl="14" sc="0" el="14" ec="0" bec="0" bev="0" fileid="3" />
              </SequencePoints>
              <BranchPoints />
            </Method>
          </Methods>
        </Class>
      </Classes>
    </Module>
    <Module>
      <Summary numSequencePoints="63" visitedSequencePoints="63" numBranchPoints="0" visitedBranchPoints="0" sequenceCoverage="100.0" branchCoverage="0.0" maxCyclomaticComplexity="0" minCyclomaticComplexity="0" maxCrapScore="0" minCrapScore="0" visitedClasses="2" numClasses="2" visitedMethods="6" numMethods="6" />
      <ModuleTime>0001-01-01T00:00:00</ModuleTime>
      <ModuleName>Tests</ModuleName>
      <Files>
        <File uid="4" fullPath="/github/workspace/Assets/Scripts/Tests/CharacterTest.cs" />
        <File uid="5" fullPath="/github/workspace/Assets/Scripts/Tests/DamageableCharacterTest.cs" />
      </Files>
      <Classes>
        <Class>
          <Summary numSequencePoints="39" visitedSequencePoints="39" numBranchPoints="0" visitedBranchPoints="0" sequenceCoverage="100.0" branchCoverage="0.0" maxCyclomaticComplexity="0" minCyclomaticComplexity="0" maxCrapScore="0" minCrapScore="0" visitedClasses="1" numClasses="1" visitedMethods="4" numMethods="4" />
          <FullName>HMF.Thesis.Tests.CharacterTest</FullName>
          <Methods>
            <Method visited="true" cyclomaticComplexity="0" nPathComplexity="0" sequenceCoverage="100.0" branchCoverage="0" crapScore="0" isConstructor="false" isStatic="false" isGetter="false" isSetter="false">
              <Summary numSequencePoints="9" visitedSequencePoints="9" numBranchPoints="0" visitedBranchPoints="0" sequenceCoverage="100.0" branchCoverage="0" maxCyclomaticComplexity="0" minCyclomaticComplexity="0" maxCrapScore="0" minCrapScore="0" visitedClasses="0" numClasses="0" visitedMethods="1" numMethods="1" />
              <MetadataToken>100663297</MetadataToken>
              <Name>System.Void HMF.Thesis.Tests.CharacterTest::CharacterDataTest()</Name>
              <FileRef uid="4" />
              <SequencePoints>
                <SequencePoint vc="1" uspid="100" ordinal="0" offset="0" sl="17" sc="9" el="17" ec="9" bec="0" bev="0" fileid="4" />
                <SequencePoint vc="1" uspid="101" ordinal="0" offset="1" sl="19" sc="13" el="19" ec="13" bec="0" bev="0" fileid="4" />
                <SequencePoint vc="1" uspid="102" ordinal="0" offset="7" sl="20" sc="13" el="20" ec="13" bec="0" bev="0" fileid="4" />
                <SequencePoint vc="1" uspid="103" ordinal="0" offset="14" sl="21" sc="13" el="21" ec="13" bec="0" bev="0" fileid="4" />
                <SequencePoint vc="1" uspid="104" ordinal="0" offset="20" sl="22" sc="13" el="22" ec="13" bec="0" bev="0" fileid="4" />
                <SequencePoint vc="1" uspid="105" ordinal="0" offset="27" sl="25" sc="13" el="25" ec="13" bec="0" bev="0" fileid="4" />
                <SequencePoint vc="1" uspid="106" ordinal="0" offset="39" sl="27" sc="13" el="27" ec="13" bec="0" bev="0" fileid="4" />
                <SequencePoint vc="1" uspid="107" ordinal="0" offset="47" sl="29" sc="13" el="29" ec="13" bec="0" bev="0" fileid="4" />
                <SequencePoint vc="1" uspid="108" ordinal="0" offset="60" sl="31" sc="9" el="31" ec="9" bec="0" bev="0" fileid="4" />
              </SequencePoints>
              <BranchPoints />
            </Method>
            <Method visited="true" cyclomaticComplexity="0" nPathComplexity="0" sequenceCoverage="100.0" branchCoverage="0" crapScore="0" isConstructor="false" isStatic="false" isGetter="false" isSetter="false">
              <Summary numSequencePoints="8" visitedSequencePoints="8" numBranchPoints="0" visitedBranchPoints="0" sequenceCoverage="100.0" branchCoverage="0" maxCyclomaticComplexity="0" minCyclomaticComplexity="0" maxCrapScore="0" minCrapScore="0" visitedClasses="0" numClasses="0" visitedMethods="1" numMethods="1" />
              <MetadataToken>100663298</MetadataToken>
              <Name>System.Void HMF.Thesis.Tests.CharacterTest::MaxHealthTest()</Name>
              <FileRef uid="4" />
              <SequencePoints>
                <SequencePoint vc="1" uspid="109" ordinal="0" offset="0" sl="36" sc="9" el="36" ec="9" bec="0" bev="0" fileid="4" />
                <SequencePoint vc="1" uspid="110" ordinal="0" offset="1" sl="38" sc="13" el="38" ec="13" bec="0" bev="0" fileid="4" />
                <SequencePoint vc="1" uspid="111" ordinal="0" offset="7" sl="39" sc="13" el="39" ec="13" bec="0" bev="0" fileid="4" />
                <SequencePoint vc="1" uspid="112" ordinal="0" offset="14" sl="40" sc="13" el="40" ec="13" bec="0" bev="0" fileid="4" />
                <SequencePoint vc="1" uspid="113" ordinal="0" offset="20" sl="41" sc="13" el="41" ec="13" bec="0" bev="0" fileid="4" />
                <SequencePoint vc="1" uspid="114" ordinal="0" offset="27" sl="42" sc="13" el="42" ec="13" bec="0" bev="0" fileid="4" />
                <SequencePoint vc="1" uspid="115" ordinal="0" offset="35" sl="45" sc="13" el="45" ec="13" bec="0" bev="0" fileid="4" />
                <SequencePoint vc="1" uspid="116" ordinal="0" offset="58" sl="47" sc="9" el="47" ec="9" bec="0" bev="0" fileid="4" />
              </SequencePoints>
              <BranchPoints />
            </Method>
            <Method visited="true" cyclomaticComplexity="0" nPathComplexity="0" sequenceCoverage="100.0" branchCoverage="0" crapScore="0" isConstructor="false" isStatic="false" isGetter="false" isSetter="false">
              <Summary numSequencePoints="14" visitedSequencePoints="14" numBranchPoints="0" visitedBranchPoints="0" sequenceCoverage="100.0" branchCoverage="0" maxCyclomaticComplexity="0" minCyclomaticComplexity="0" maxCrapScore="0" minCrapScore="0" visitedClasses="0" numClasses="0" visitedMethods="1" numMethods="1" />
              <MetadataToken>100663299</MetadataToken>
              <Name>System.Void HMF.Thesis.Tests.CharacterTest::HealthTest()</Name>
              <FileRef uid="4" />
              <SequencePoints>
                <SequencePoint vc="1" uspid="117" ordinal="0" offset="0" sl="52" sc="9" el="52" ec="9" bec="0" bev="0" fileid="4" />
                <SequencePoint vc="1" uspid="118" ordinal="0" offset="1" sl="54" sc="13" el="54" ec="13" bec="0" bev="0" fileid="4" />
                <SequencePoint vc="1" uspid="119" ordinal="0" offset="7" sl="55" sc="13" el="55" ec="13" bec="0" bev="0" fileid="4" />
                <SequencePoint vc="1" uspid="120" ordinal="0" offset="14" sl="56" sc="13" el="56" ec="13" bec="0" bev="0" fileid="4" />
                <SequencePoint vc="1" uspid="121" ordinal="0" offset="20" sl="57" sc="13" el="57" ec="13" bec="0" bev="0" fileid="4" />
                <SequencePoint vc="1" uspid="122" ordinal="0" offset="27" sl="58" sc="13" el="58" ec="13" bec="0" bev="0" fileid="4" />
                <SequencePoint vc="1" uspid="123" ordinal="0" offset="35" sl="61" sc="13" el="61" ec="13" bec="0" bev="0" fileid="4" />
                <SequencePoint vc="1" uspid="124" ordinal="0" offset="58" sl="63" sc="13" el="63" ec="13" bec="0" bev="0" fileid="4" />
                <SequencePoint vc="1" uspid="125" ordinal="0" offset="66" sl="65" sc="13" el="65" ec="13" bec="0" bev="0" fileid="4" />
                <SequencePoint vc="1" uspid="126" ordinal="0" offset="89" sl="67" sc="13" el="67" ec="13" bec="0" bev="0" fileid="4" />
                <SequencePoint vc="1" uspid="127" ordinal="0" offset="97" sl="69" sc="13" el="69" ec="13" bec="0" bev="0" fileid="4" />
                <SequencePoint vc="1" uspid="128" ordinal="0" offset="120" sl="71" sc="13" el="71" ec="13" bec="0" bev="0" fileid="4" />
                <SequencePoint vc="1" uspid="129" ordinal="0" offset="128" sl="73" sc="13" el="73" ec="13" bec="0" bev="0" fileid="4" />
                <SequencePoint vc="1" uspid="130" ordinal="0" offset="151" sl="74" sc="9" el="74" ec="9" bec="0" bev="0" fileid="4" />
              </SequencePoints>
              <BranchPoints />
            </Method>
            <Method visited="true" cyclomaticComplexity="0" nPathComplexity="0" sequenceCoverage="100.0" branchCoverage="0" crapScore="0" isConstructor="false" isStatic="false" isGetter="false" isSetter="false">
              <Summary numSequencePoints="8" visitedSequencePoints="8" numBranchPoints="0" visitedBranchPoints="0" sequenceCoverage="100.0" branchCoverage="0" maxCyclomaticComplexity="0" minCyclomaticComplexity="0" maxCrapScore="0" minCrapScore="0" visitedClasses="0" numClasses="0" visitedMethods="1" numMethods="1" />
              <MetadataToken>100663300</MetadataToken>
              <Name>System.Void HMF.Thesis.Tests.CharacterTest::CharacterName()</Name>
              <FileRef uid="4" />
              <SequencePoints>
                <SequencePoint vc="1" uspid="131" ordinal="0" offset="0" sl="79" sc="9" el="79" ec="9" bec="0" bev="0" fileid="4" />
                <SequencePoint vc="1" uspid="132" ordinal="0" offset="1" sl="81" sc="13" el="81" ec="13" bec="0" bev="0" fileid="4" />
                <SequencePoint vc="1" uspid="133" ordinal="0" offset="7" sl="82" sc="13" el="82" ec="13" bec="0" bev="0" fileid="4" />
                <SequencePoint vc="1" uspid="134" ordinal="0" offset="14" sl="83" sc="13" el="83" ec="13" bec="0" bev="0" fileid="4" />
                <SequencePoint vc="1" uspid="135" ordinal="0" offset="20" sl="84" sc="13" el="84" ec="13" bec="0" bev="0" fileid="4" />
                <SequencePoint vc="1" uspid="136" ordinal="0" offset="31" sl="85" sc="13" el="85" ec="13" bec="0" bev="0" fileid="4" />
                <SequencePoint vc="1" uspid="137" ordinal="0" offset="39" sl="88" sc="13" el="88" ec="13" bec="0" bev="0" fileid="4" />
                <SequencePoint vc="1" uspid="138" ordinal="0" offset="56" sl="90" sc="9" el="90" ec="9" bec="0" bev="0" fileid="4" />
              </SequencePoints>
              <BranchPoints />
            </Method>
          </Methods>
        </Class>
        <Class>
          <Summary numSequencePoints="24" visitedSequencePoints="24" numBranchPoints="0" visitedBranchPoints="0" sequenceCoverage="100.0" branchCoverage="0.0" maxCyclomaticComplexity="0" minCyclomaticComplexity="0" maxCrapScore="0" minCrapScore="0" visitedClasses="1" numClasses="1" visitedMethods="2" numMethods="2" />
          <FullName>HMF.Thesis.Tests.DamageableCharacterTest</FullName>
          <Methods>
            <Method visited="true" cyclomaticComplexity="0" nPathComplexity="0" sequenceCoverage="100.0" branchCoverage="0" crapScore="0" isConstructor="false" isStatic="false" isGetter="false" isSetter="false">
              <Summary numSequencePoints="12" visitedSequencePoints="12" numBranchPoints="0" visitedBranchPoints="0" sequenceCoverage="100.0" branchCoverage="0" maxCyclomaticComplexity="0" minCyclomaticComplexity="0" maxCrapScore="0" minCrapScore="0" visitedClasses="0" numClasses="0" visitedMethods="1" numMethods="1" />
              <MetadataToken>100663302</MetadataToken>
              <Name>System.Void HMF.Thesis.Tests.DamageableCharacterTest::TakeDamageTest()</Name>
              <FileRef uid="5" />
              <SequencePoints>
                <SequencePoint vc="1" uspid="139" ordinal="0" offset="0" sl="18" sc="9" el="18" ec="9" bec="0" bev="0" fileid="5" />
                <SequencePoint vc="1" uspid="140" ordinal="0" offset="1" sl="20" sc="13" el="20" ec="13" bec="0" bev="0" fileid="5" />
                <SequencePoint vc="1" uspid="141" ordinal="0" offset="7" sl="21" sc="13" el="21" ec="13" bec="0" bev="0" fileid="5" />
                <SequencePoint vc="1" uspid="142" ordinal="0" offset="14" sl="22" sc="13" el="22" ec="13" bec="0" bev="0" fileid="5" />
                <SequencePoint vc="1" uspid="143" ordinal="0" offset="20" sl="23" sc="13" el="23" ec="13" bec="0" bev="0" fileid="5" />
                <SequencePoint vc="1" uspid="144" ordinal="0" offset="27" sl="24" sc="13" el="24" ec="13" bec="0" bev="0" fileid="5" />
                <SequencePoint vc="1" uspid="145" ordinal="0" offset="35" sl="26" sc="13" el="26" ec="13" bec="0" bev="0" fileid="5" />
                <SequencePoint vc="1" uspid="146" ordinal="0" offset="42" sl="28" sc="13" el="28" ec="13" bec="0" bev="0" fileid="5" />
                <SequencePoint vc="1" uspid="147" ordinal="0" offset="50" sl="31" sc="13" el="31" ec="13" bec="0" bev="0" fileid="5" />
                <SequencePoint vc="1" uspid="148" ordinal="0" offset="73" sl="33" sc="13" el="33" ec="13" bec="0" bev="0" fileid="5" />
                <SequencePoint vc="1" uspid="149" ordinal="0" offset="80" sl="35" sc="13" el="35" ec="13" bec="0" bev="0" fileid="5" />
                <SequencePoint vc="1" uspid="150" ordinal="0" offset="103" sl="36" sc="9" el="36" ec="9" bec="0" bev="0" fileid="5" />
              </SequencePoints>
              <BranchPoints />
            </Method>
            <Method visited="true" cyclomaticComplexity="0" nPathComplexity="0" sequenceCoverage="100.0" branchCoverage="0" crapScore="0" isConstructor="false" isStatic="false" isGetter="false" isSetter="false">
              <Summary numSequencePoints="12" visitedSequencePoints="12" numBranchPoints="0" visitedBranchPoints="0" sequenceCoverage="100.0" branchCoverage="0" maxCyclomaticComplexity="0" minCyclomaticComplexity="0" maxCrapScore="0" minCrapScore="0" visitedClasses="0" numClasses="0" visitedMethods="1" numMethods="1" />
              <MetadataToken>100663303</MetadataToken>
              <Name>System.Void HMF.Thesis.Tests.DamageableCharacterTest::TakeDamageWithInputTest()</Name>
              <FileRef uid="5" />
              <SequencePoints>
                <SequencePoint vc="1" uspid="151" ordinal="0" offset="0" sl="41" sc="9" el="41" ec="9" bec="0" bev="0" fileid="5" />
                <SequencePoint vc="1" uspid="152" ordinal="0" offset="1" sl="43" sc="13" el="43" ec="13" bec="0" bev="0" fileid="5" />
                <SequencePoint vc="1" uspid="153" ordinal="0" offset="7" sl="44" sc="13" el="44" ec="13" bec="0" bev="0" fileid="5" />
                <SequencePoint vc="1" uspid="154" ordinal="0" offset="14" sl="45" sc="13" el="45" ec="13" bec="0" bev="0" fileid="5" />
                <SequencePoint vc="1" uspid="155" ordinal="0" offset="20" sl="46" sc="13" el="46" ec="13" bec="0" bev="0" fileid="5" />
                <SequencePoint vc="1" uspid="156" ordinal="0" offset="27" sl="47" sc="13" el="47" ec="13" bec="0" bev="0" fileid="5" />
                <SequencePoint vc="1" uspid="157" ordinal="0" offset="35" sl="49" sc="13" el="49" ec="13" bec="0" bev="0" fileid="5" />
                <SequencePoint vc="1" uspid="158" ordinal="0" offset="42" sl="51" sc="13" el="51" ec="13" bec="0" bev="0" fileid="5" />
                <SequencePoint vc="1" uspid="159" ordinal="0" offset="50" sl="54" sc="13" el="54" ec="13" bec="0" bev="0" fileid="5" />
                <SequencePoint vc="1" uspid="160" ordinal="0" offset="73" sl="56" sc="13" el="56" ec="13" bec="0" bev="0" fileid="5" />
                <SequencePoint vc="1" uspid="161" ordinal="0" offset="81" sl="58" sc="13" el="58" ec="13" bec="0" bev="0" fileid="5" />
                <SequencePoint vc="1" uspid="162" ordinal="0" offset="104" sl="59" sc="9" el="59" ec="9" bec="0" bev="0" fileid="5" />
              </SequencePoints>
              <BranchPoints />
            </Method>
          </Methods>
        </Class>
      </Classes>
    </Module>
    <Module>
      <Summary numSequencePoints="36" visitedSequencePoints="20" numBranchPoints="0" visitedBranchPoints="0" sequenceCoverage="55.56" branchCoverage="0.0" maxCyclomaticComplexity="0" minCyclomaticComplexity="0" maxCrapScore="0" minCrapScore="0" visitedClasses="2" numClasses="4" visitedMethods="12" numMethods="19" />
      <ModuleTime>0001-01-01T00:00:00</ModuleTime>
      <ModuleName>EffectorAssembly</ModuleName>
      <Files>
        <File uid="6" fullPath="/github/workspace/Assets/Scripts/Effectors/Character.cs" />
        <File uid="7" fullPath="/github/workspace/Assets/Scripts/Effectors/DamageableCharacter.cs" />
        <File uid="8" fullPath="/github/workspace/Assets/Scripts/Effectors/Jumping.cs" />
        <File uid="9" fullPath="/github/workspace/Assets/Scripts/Effectors/Movable.cs" />
      </Files>
      <Classes>
        <Class>
          <Summary numSequencePoints="14" visitedSequencePoints="10" numBranchPoints="0" visitedBranchPoints="0" sequenceCoverage="71.43" branchCoverage="0.0" maxCyclomaticComplexity="0" minCyclomaticComplexity="0" maxCrapScore="0" minCrapScore="0" visitedClasses="1" numClasses="1" visitedMethods="8" numMethods="8" />
          <FullName>HMF.Thesis.Effectors.Character</FullName>
          <Methods>
            <Method visited="true" cyclomaticComplexity="0" nPathComplexity="0" sequenceCoverage="100.0" branchCoverage="0" crapScore="0" isConstructor="false" isStatic="false" isGetter="true" isSetter="false">
              <Summary numSequencePoints="1" visitedSequencePoints="1" numBranchPoints="0" visitedBranchPoints="0" sequenceCoverage="100.0" branchCoverage="0" maxCyclomaticComplexity="0" minCyclomaticComplexity="0" maxCrapScore="0" minCrapScore="0" visitedClasses="0" numClasses="0" visitedMethods="1" numMethods="1" />
              <MetadataToken>100663297</MetadataToken>
              <Name>HMF.Thesis.ScriptableObjects.CharacterData HMF.Thesis.Effectors.Character::get_CharacterData()</Name>
              <FileRef uid="6" />
              <SequencePoints>
                <SequencePoint vc="8" uspid="163" ordinal="0" offset="0" sl="14" sc="53" el="14" ec="53" bec="0" bev="0" fileid="6" />
              </SequencePoints>
              <BranchPoints />
            </Method>
            <Method visited="true" cyclomaticComplexity="0" nPathComplexity="0" sequenceCoverage="100.0" branchCoverage="0" crapScore="0" isConstructor="false" isStatic="false" isGetter="false" isSetter="true">
              <Summary numSequencePoints="1" visitedSequencePoints="1" numBranchPoints="0" visitedBranchPoints="0" sequenceCoverage="100.0" branchCoverage="0" maxCyclomaticComplexity="0" minCyclomaticComplexity="0" maxCrapScore="0" minCrapScore="0" visitedClasses="0" numClasses="0" visitedMethods="1" numMethods="1" />
              <MetadataToken>100663298</MetadataToken>
              <Name>System.Void HMF.Thesis.Effectors.Character::set_CharacterData(HMF.Thesis.ScriptableObjects.CharacterData)</Name>
              <FileRef uid="6" />
              <SequencePoints>
                <SequencePoint vc="6" uspid="164" ordinal="0" offset="0" sl="14" sc="76" el="14" ec="76" bec="0" bev="0" fileid="6" />
              </SequencePoints>
              <BranchPoints />
            </Method>
            <Method visited="true" cyclomaticComplexity="0" nPathComplexity="0" sequenceCoverage="100.0" branchCoverage="0" crapScore="0" isConstructor="false" isStatic="false" isGetter="true" isSetter="false">
              <Summary numSequencePoints="1" visitedSequencePoints="1" numBranchPoints="0" visitedBranchPoints="0" sequenceCoverage="100.0" branchCoverage="0" maxCyclomaticComplexity="0" minCyclomaticComplexity="0" maxCrapScore="0" minCrapScore="0" visitedClasses="0" numClasses="0" visitedMethods="1" numMethods="1" />
              <MetadataToken>100663299</MetadataToken>
              <Name>System.Int32 HMF.Thesis.Effectors.Character::get_Health()</Name>
              <FileRef uid="6" />
              <SequencePoints>
                <SequencePoint vc="10" uspid="165" ordinal="0" offset="0" sl="16" sc="36" el="16" ec="36" bec="0" bev="0" fileid="6" />
              </SequencePoints>
              <BranchPoints />
            </Method>
            <Method visited="true" cyclomaticComplexity="0" nPathComplexity="0" sequenceCoverage="100.0" branchCoverage="0" crapScore="0" isConstructor="false" isStatic="false" isGetter="false" isSetter="true">
              <Summary numSequencePoints="1" visitedSequencePoints="1" numBranchPoints="0" visitedBranchPoints="0" sequenceCoverage="100.0" branchCoverage="0" maxCyclomaticComplexity="0" minCyclomaticComplexity="0" maxCrapScore="0" minCrapScore="0" visitedClasses="0" numClasses="0" visitedMethods="1" numMethods="1" />
              <MetadataToken>100663300</MetadataToken>
              <Name>System.Void HMF.Thesis.Effectors.Character::set_Health(System.Int32)</Name>
              <FileRef uid="6" />
              <SequencePoints>
                <SequencePoint vc="7" uspid="166" ordinal="0" offset="0" sl="16" sc="66" el="16" ec="66" bec="0" bev="0" fileid="6" />
              </SequencePoints>
              <BranchPoints />
            </Method>
            <Method visited="true" cyclomaticComplexity="0" nPathComplexity="0" sequenceCoverage="100.0" branchCoverage="0" crapScore="0" isConstructor="false" isStatic="false" isGetter="true" isSetter="false">
              <Summary numSequencePoints="1" visitedSequencePoints="1" numBranchPoints="0" visitedBranchPoints="0" sequenceCoverage="100.0" branchCoverage="0" maxCyclomaticComplexity="0" minCyclomaticComplexity="0" maxCrapScore="0" minCrapScore="0" visitedClasses="0" numClasses="0" visitedMethods="1" numMethods="1" />
              <MetadataToken>100663301</MetadataToken>
              <Name>System.Int32 HMF.Thesis.Effectors.Character::get_MaxHealth()</Name>
              <FileRef uid="6" />
              <SequencePoints>
                <SequencePoint vc="8" uspid="167" ordinal="0" offset="0" sl="18" sc="33" el="18" ec="33" bec="0" bev="0" fileid="6" />
              </SequencePoints>
              <BranchPoints />
            </Method>
            <Method visited="true" cyclomaticComplexity="0" nPathComplexity="0" sequenceCoverage="100.0" branchCoverage="0" crapScore="0" isConstructor="false" isStatic="false" isGetter="true" isSetter="false">
              <Summary numSequencePoints="1" visitedSequencePoints="1" numBranchPoints="0" visitedBranchPoints="0" sequenceCoverage="100.0" branchCoverage="0" maxCyclomaticComplexity="0" minCyclomaticComplexity="0" maxCrapScore="0" minCrapScore="0" visitedClasses="0" numClasses="0" visitedMethods="1" numMethods="1" />
              <MetadataToken>100663302</MetadataToken>
              <Name>System.String HMF.Thesis.Effectors.Character::get_CharacterName()</Name>
              <FileRef uid="6" />
              <SequencePoints>
                <SequencePoint vc="1" uspid="168" ordinal="0" offset="0" sl="20" sc="40" el="20" ec="40" bec="0" bev="0" fileid="6" />
              </SequencePoints>
              <BranchPoints />
            </Method>
            <Method visited="true" cyclomaticComplexity="0" nPathComplexity="0" sequenceCoverage="42.86" branchCoverage="0" crapScore="0" isConstructor="false" isStatic="false" isGetter="false" isSetter="false">
              <Summary numSequencePoints="7" visitedSequencePoints="3" numBranchPoints="0" visitedBranchPoints="0" sequenceCoverage="42.86" branchCoverage="0" maxCyclomaticComplexity="0" minCyclomaticComplexity="0" maxCrapScore="0" minCrapScore="0" visitedClasses="0" numClasses="0" visitedMethods="1" numMethods="1" />
              <MetadataToken>100663303</MetadataToken>
              <Name>System.Void HMF.Thesis.Effectors.Character::Awake()</Name>
              <FileRef uid="6" />
              <SequencePoints>
                <SequencePoint vc="6" uspid="169" ordinal="0" offset="0" sl="24" sc="9" el="24" ec="9" bec="0" bev="0" fileid="6" />
                <SequencePoint vc="6" uspid="170" ordinal="0" offset="1" sl="25" sc="13" el="25" ec="13" bec="0" bev="0" fileid="6" />
                <SequencePoint vc="0" uspid="171" ordinal="0" offset="17" sl="26" sc="13" el="26" ec="13" bec="0" bev="0" fileid="6" />
                <SequencePoint vc="0" uspid="172" ordinal="0" offset="18" sl="27" sc="17" el="27" ec="17" bec="0" bev="0" fileid="6" />
                <SequencePoint vc="0" uspid="173" ordinal="0" offset="41" sl="28" sc="17" el="28" ec="17" bec="0" bev="0" fileid="6" />
                <SequencePoint vc="0" uspid="174" ordinal="0" offset="58" sl="29" sc="13" el="29" ec="13" bec="0" bev="0" fileid="6" />
                <SequencePoint vc="6" uspid="175" ordinal="0" offset="59" sl="31" sc="9" el="31" ec="9" bec="0" bev="0" fileid="6" />
              </SequencePoints>
              <BranchPoints />
            </Method>
            <Method visited="true" cyclomaticComplexity="0" nPathComplexity="0" sequenceCoverage="100.0" branchCoverage="0" crapScore="0" isConstructor="true" isStatic="false" isGetter="false" isSetter="false">
              <Summary numSequencePoints="1" visitedSequencePoints="1" numBranchPoints="0" visitedBranchPoints="0" sequenceCoverage="100.0" branchCoverage="0" maxCyclomaticComplexity="0" minCyclomaticComplexity="0" maxCrapScore="0" minCrapScore="0" visitedClasses="0" numClasses="0" visitedMethods="1" numMethods="1" />
              <MetadataToken>100663304</MetadataToken>
              <Name>HMF.Thesis.Effectors.Character::Character()</Name>
              <FileRef uid="6" />
              <SequencePoints>
                <SequencePoint vc="6" uspid="176" ordinal="0" offset="0" sl="12" sc="26" el="12" ec="26" bec="0" bev="0" fileid="6" />
              </SequencePoints>
              <BranchPoints />
            </Method>
          </Methods>
        </Class>
        <Class>
          <Summary numSequencePoints="10" visitedSequencePoints="10" numBranchPoints="0" visitedBranchPoints="0" sequenceCoverage="100.0" branchCoverage="0.0" maxCyclomaticComplexity="0" minCyclomaticComplexity="0" maxCrapScore="0" minCrapScore="0" visitedClasses="1" numClasses="1" visitedMethods="4" numMethods="4" />
          <FullName>HMF.Thesis.Effectors.DamageableCharacter</FullName>
          <Methods>
            <Method visited="true" cyclomaticComplexity="0" nPathComplexity="0" sequenceCoverage="100.0" branchCoverage="0" crapScore="0" isConstructor="false" isStatic="false" isGetter="false" isSetter="false">
              <Summary numSequencePoints="3" visitedSequencePoints="3" numBranchPoints="0" visitedBranchPoints="0" sequenceCoverage="100.0" branchCoverage="0" maxCyclomaticComplexity="0" minCyclomaticComplexity="0" maxCrapScore="0" minCrapScore="0" visitedClasses="0" numClasses="0" visitedMethods="1" numMethods="1" />
              <MetadataToken>100663305</MetadataToken>
              <Name>System.Void HMF.Thesis.Effectors.DamageableCharacter::TakeDamage()</Name>
              <FileRef uid="7" />
              <SequencePoints>
                <SequencePoint vc="1" uspid="177" ordinal="0" offset="0" sl="15" sc="9" el="15" ec="9" bec="0" bev="0" fileid="7" />
                <SequencePoint vc="1" uspid="178" ordinal="0" offset="1" sl="16" sc="13" el="16" ec="13" bec="0" bev="0" fileid="7" />
                <SequencePoint vc="1" uspid="179" ordinal="0" offset="23" sl="17" sc="9" el="17" ec="9" bec="0" bev="0" fileid="7" />
              </SequencePoints>
              <BranchPoints />
            </Method>
            <Method visited="true" cyclomaticComplexity="0" nPathComplexity="0" sequenceCoverage="100.0" branchCoverage="0" crapScore="0" isConstructor="false" isStatic="false" isGetter="false" isSetter="false">
              <Summary numSequencePoints="3" visitedSequencePoints="3" numBranchPoints="0" visitedBranchPoints="0" sequenceCoverage="100.0" branchCoverage="0" maxCyclomaticComplexity="0" minCyclomaticComplexity="0" maxCrapScore="0" minCrapScore="0" visitedClasses="0" numClasses="0" visitedMethods="1" numMethods="1" />
              <MetadataToken>100663306</MetadataToken>
              <Name>System.Void HMF.Thesis.Effectors.DamageableCharacter::TakeDamage(System.Int32)</Name>
              <FileRef uid="7" />
              <SequencePoints>
                <SequencePoint vc="1" uspid="180" ordinal="0" offset="0" sl="24" sc="9" el="24" ec="9" bec="0" bev="0" fileid="7" />
                <SequencePoint vc="1" uspid="181" ordinal="0" offset="1" sl="25" sc="13" el="25" ec="13" bec="0" bev="0" fileid="7" />
                <SequencePoint vc="1" uspid="182" ordinal="0" offset="21" sl="26" sc="9" el="26" ec="9" bec="0" bev="0" fileid="7" />
              </SequencePoints>
              <BranchPoints />
            </Method>
            <Method visited="true" cyclomaticComplexity="0" nPathComplexity="0" sequenceCoverage="100.0" branchCoverage="0" crapScore="0" isConstructor="false" isStatic="false" isGetter="false" isSetter="false">
              <Summary numSequencePoints="3" visitedSequencePoints="3" numBranchPoints="0" visitedBranchPoints="0" sequenceCoverage="100.0" branchCoverage="0" maxCyclomaticComplexity="0" minCyclomaticComplexity="0" maxCrapScore="0" minCrapScore="0" visitedClasses="0" numClasses="0" visitedMethods="1" numMethods="1" />
              <MetadataToken>100663307</MetadataToken>
              <Name>System.Void HMF.Thesis.Effectors.DamageableCharacter::Awake()</Name>
              <FileRef uid="7" />
              <SequencePoints>
                <SequencePoint vc="2" uspid="183" ordinal="0" offset="0" sl="30" sc="9" el="30" ec="9" bec="0" bev="0" fileid="7" />
                <SequencePoint vc="2" uspid="184" ordinal="0" offset="1" sl="31" sc="13" el="31" ec="13" bec="0" bev="0" fileid="7" />
                <SequencePoint vc="2" uspid="185" ordinal="0" offset="13" sl="32" sc="9" el="32" ec="9" bec="0" bev="0" fileid="7" />
              </SequencePoints>
              <BranchPoints />
            </Method>
            <Method visited="true" cyclomaticComplexity="0" nPathComplexity="0" sequenceCoverage="100.0" branchCoverage="0" crapScore="0" isConstructor="true" isStatic="false" isGetter="false" isSetter="false">
              <Summary numSequencePoints="1" visitedSequencePoints="1" numBranchPoints="0" visitedBranchPoints="0" sequenceCoverage="100.0" branchCoverage="0" maxCyclomaticComplexity="0" minCyclomaticComplexity="0" maxCrapScore="0" minCrapScore="0" visitedClasses="0" numClasses="0" visitedMethods="1" numMethods="1" />
              <MetadataToken>100663308</MetadataToken>
              <Name>HMF.Thesis.Effectors.DamageableCharacter::DamageableCharacter()</Name>
              <FileRef uid="7" />
              <SequencePoints>
                <SequencePoint vc="2" uspid="186" ordinal="0" offset="0" sl="11" sc="26" el="11" ec="26" bec="0" bev="0" fileid="7" />
              </SequencePoints>
              <BranchPoints />
            </Method>
          </Methods>
        </Class>
        <Class>
          <Summary numSequencePoints="4" visitedSequencePoints="0" numBranchPoints="0" visitedBranchPoints="0" sequenceCoverage="0.0" branchCoverage="0.0" maxCyclomaticComplexity="0" minCyclomaticComplexity="0" maxCrapScore="0" minCrapScore="0" visitedClasses="0" numClasses="1" visitedMethods="0" numMethods="3" />
          <FullName>HMF.Thesis.Effectors.Jumping</FullName>
          <Methods>
            <Method visited="false" cyclomaticComplexity="0" nPathComplexity="0" sequenceCoverage="0.0" branchCoverage="0" crapScore="0" isConstructor="false" isStatic="false" isGetter="true" isSetter="false">
              <Summary numSequencePoints="1" visitedSequencePoints="0" numBranchPoints="0" visitedBranchPoints="0" sequenceCoverage="0.0" branchCoverage="0" maxCyclomaticComplexity="0" minCyclomaticComplexity="0" maxCrapScore="0" minCrapScore="0" visitedClasses="0" numClasses="0" visitedMethods="0" numMethods="1" />
              <MetadataToken>100663309</MetadataToken>
              <Name>System.Int32 HMF.Thesis.Effectors.Jumping::get_JumpForce()</Name>
              <FileRef uid="8" />
              <SequencePoints>
                <SequencePoint vc="0" uspid="187" ordinal="0" offset="0" sl="13" sc="0" el="13" ec="0" bec="0" bev="0" fileid="8" />
              </SequencePoints>
              <BranchPoints />
            </Method>
            <Method visited="false" cyclomaticComplexity="0" nPathComplexity="0" sequenceCoverage="0.0" branchCoverage="0" crapScore="0" isConstructor="false" isStatic="false" isGetter="false" isSetter="true">
              <Summary numSequencePoints="1" visitedSequencePoints="0" numBranchPoints="0" visitedBranchPoints="0" sequenceCoverage="0.0" branchCoverage="0" maxCyclomaticComplexity="0" minCyclomaticComplexity="0" maxCrapScore="0" minCrapScore="0" visitedClasses="0" numClasses="0" visitedMethods="0" numMethods="1" />
              <MetadataToken>100663310</MetadataToken>
              <Name>System.Void HMF.Thesis.Effectors.Jumping::set_JumpForce(System.Int32)</Name>
              <FileRef uid="8" />
              <SequencePoints>
                <SequencePoint vc="0" uspid="188" ordinal="0" offset="0" sl="13" sc="0" el="13" ec="0" bec="0" bev="0" fileid="8" />
              </SequencePoints>
              <BranchPoints />
            </Method>
            <Method visited="false" cyclomaticComplexity="0" nPathComplexity="0" sequenceCoverage="0.0" branchCoverage="0" crapScore="0" isConstructor="false" isStatic="false" isGetter="false" isSetter="false">
              <Summary numSequencePoints="2" visitedSequencePoints="0" numBranchPoints="0" visitedBranchPoints="0" sequenceCoverage="0.0" branchCoverage="0" maxCyclomaticComplexity="0" minCyclomaticComplexity="0" maxCrapScore="0" minCrapScore="0" visitedClasses="0" numClasses="0" visitedMethods="0" numMethods="1" />
              <MetadataToken>100663311</MetadataToken>
              <Name>System.Void HMF.Thesis.Effectors.Jumping::Jump()</Name>
              <FileRef uid="8" />
              <SequencePoints>
                <SequencePoint vc="0" uspid="189" ordinal="0" offset="0" sl="17" sc="0" el="17" ec="0" bec="0" bev="0" fileid="8" />
                <SequencePoint vc="0" uspid="190" ordinal="0" offset="1" sl="18" sc="0" el="18" ec="0" bec="0" bev="0" fileid="8" />
              </SequencePoints>
              <BranchPoints />
            </Method>
          </Methods>
        </Class>
        <Class>
          <Summary numSequencePoints="8" visitedSequencePoints="0" numBranchPoints="0" visitedBranchPoints="0" sequenceCoverage="0.0" branchCoverage="0.0" maxCyclomaticComplexity="0" minCyclomaticComplexity="0" maxCrapScore="0" minCrapScore="0" visitedClasses="0" numClasses="1" visitedMethods="0" numMethods="4" />
          <FullName>HMF.Thesis.Effectors.Movable</FullName>
          <Methods>
            <Method visited="false" cyclomaticComplexity="0" nPathComplexity="0" sequenceCoverage="0.0" branchCoverage="0" crapScore="0" isConstructor="false" isStatic="false" isGetter="false" isSetter="false">
              <Summary numSequencePoints="2" visitedSequencePoints="0" numBranchPoints="0" visitedBranchPoints="0" sequenceCoverage="0.0" branchCoverage="0" maxCyclomaticComplexity="0" minCyclomaticComplexity="0" maxCrapScore="0" minCrapScore="0" visitedClasses="0" numClasses="0" visitedMethods="0" numMethods="1" />
              <MetadataToken>100663313</MetadataToken>
              <Name>System.Void HMF.Thesis.Effectors.Movable::Dash()</Name>
              <FileRef uid="9" />
              <SequencePoints>
                <SequencePoint vc="0" uspid="191" ordinal="0" offset="0" sl="14" sc="0" el="14" ec="0" bec="0" bev="0" fileid="9" />
                <SequencePoint vc="0" uspid="192" ordinal="0" offset="1" sl="15" sc="0" el="15" ec="0" bec="0" bev="0" fileid="9" />
              </SequencePoints>
              <BranchPoints />
            </Method>
            <Method visited="false" cyclomaticComplexity="0" nPathComplexity="0" sequenceCoverage="0.0" branchCoverage="0" crapScore="0" isConstructor="false" isStatic="false" isGetter="false" isSetter="false">
              <Summary numSequencePoints="2" visitedSequencePoints="0" numBranchPoints="0" visitedBranchPoints="0" sequenceCoverage="0.0" branchCoverage="0" maxCyclomaticComplexity="0" minCyclomaticComplexity="0" maxCrapScore="0" minCrapScore="0" visitedClasses="0" numClasses="0" visitedMethods="0" numMethods="1" />
              <MetadataToken>100663314</MetadataToken>
              <Name>System.Void HMF.Thesis.Effectors.Movable::MoveToPoint(UnityEngine.Vector2)</Name>
              <FileRef uid="9" />
              <SequencePoints>
                <SequencePoint vc="0" uspid="193" ordinal="0" offset="0" sl="23" sc="0" el="23" ec="0" bec="0" bev="0" fileid="9" />
                <SequencePoint vc="0" uspid="194" ordinal="0" offset="1" sl="24" sc="0" el="24" ec="0" bec="0" bev="0" fileid="9" />
              </SequencePoints>
              <BranchPoints />
            </Method>
            <Method visited="false" cyclomaticComplexity="0" nPathComplexity="0" sequenceCoverage="0.0" branchCoverage="0" crapScore="0" isConstructor="false" isStatic="false" isGetter="false" isSetter="false">
              <Summary numSequencePoints="2" visitedSequencePoints="0" numBranchPoints="0" visitedBranchPoints="0" sequenceCoverage="0.0" branchCoverage="0" maxCyclomaticComplexity="0" minCyclomaticComplexity="0" maxCrapScore="0" minCrapScore="0" visitedClasses="0" numClasses="0" visitedMethods="0" numMethods="1" />
              <MetadataToken>100663315</MetadataToken>
              <Name>System.Void HMF.Thesis.Effectors.Movable::PushBack()</Name>
              <FileRef uid="9" />
              <SequencePoints>
                <SequencePoint vc="0" uspid="195" ordinal="0" offset="0" sl="29" sc="0" el="29" ec="0" bec="0" bev="0" fileid="9" />
                <SequencePoint vc="0" uspid="196" ordinal="0" offset="1" sl="30" sc="0" el="30" ec="0" bec="0" bev="0" fileid="9" />
              </SequencePoints>
              <BranchPoints />
            </Method>
            <Method visited="false" cyclomaticComplexity="0" nPathComplexity="0" sequenceCoverage="0.0" branchCoverage="0" crapScore="0" isConstructor="false" isStatic="false" isGetter="false" isSetter="false">
              <Summary numSequencePoints="2" visitedSequencePoints="0" numBranchPoints="0" visitedBranchPoints="0" sequenceCoverage="0.0" branchCoverage="0" maxCyclomaticComplexity="0" minCyclomaticComplexity="0" maxCrapScore="0" minCrapScore="0" visitedClasses="0" numClasses="0" visitedMethods="0" numMethods="1" />
              <MetadataToken>100663316</MetadataToken>
              <Name>System.Void HMF.Thesis.Effectors.Movable::Move()</Name>
              <FileRef uid="9" />
              <SequencePoints>
                <SequencePoint vc="0" uspid="197" ordinal="0" offset="0" sl="35" sc="0" el="35" ec="0" bec="0" bev="0" fileid="9" />
                <SequencePoint vc="0" uspid="198" ordinal="0" offset="1" sl="36" sc="0" el="36" ec="0" bec="0" bev="0" fileid="9" />
              </SequencePoints>
              <BranchPoints />
            </Method>
          </Methods>
        </Class>
      </Classes>
    </Module>
  </Modules>
</CoverageSession>